Now working in newly created directory (iron_olivine_lo_res).
Creating local copies of requested thermodynamic data files...
Creating table [1/2, 1/2]
* Making build file...
* Running vertex...
* Running pssect...
* Creating BurnMan-readable table...
Creating table [1/2, 2/2]
* Making build file...
* Running vertex...
* Running pssect...
* Creating BurnMan-readable table...
Creating table [2/2, 1/2]
* Making build file...
* Running vertex...
* Running pssect...
* Creating BurnMan-readable table...
Creating table [2/2, 2/2]
* Making build file...
* Running vertex...
* Running pssect...
* Creating BurnMan-readable table...
Merging output files...
Merged output file created: iron_olivine_lo_res_table.dat
Processing complete.
