1) Creating a Composite instance, printing molar, weight and weight compositions:

Olivine (fo90):
Molar composition
FeO: 0.2000
SiO2: 1.0000
MgO: 1.8000
Weight composition
FeO: 0.0977
SiO2: 0.4087
MgO: 0.4935
Atomic composition
Mg: 1.8000
Si: 1.0000
O: 4.0000
Fe: 0.2000


2) Reading compositions from file and renormalizing them:

Forsterite:
 ['Al2O3', 'Cr2O3', 'TiO2', 'Fe2O3', 'FeO', 'SiO2', 'MgO', 'H2O', 'Na2O', 'CaO', 'K2O', 'MnO']
 [0.0, 0.0, 0.07, 0.0, 2.043, 41.704, 55.974, 0.0, 0.0, 0.0, 0.0, 0.209] (wt %)
 [0.0, 0.0, 0.041, 0.0, 1.344, 32.816, 65.659, 0.0, 0.0, 0.0, 0.0, 0.139] (mol %)

 ['Mg', 'H', 'Ca', 'Mn', 'Al', 'O', 'Si', 'Ti', 'Fe', 'Na', 'Cr', 'K']
 [1.977, 0.0, 0.0, 0.004, 0.0, 4.0, 0.988, 0.001, 0.04, 0.0, 0.0, 0.0] (atoms, 4.0 oxygen basis)

Pyrope:
 ['Al2O3', 'Cr2O3', 'TiO2', 'Fe2O3', 'FeO', 'SiO2', 'MgO', 'H2O', 'Na2O', 'CaO', 'K2O', 'MnO']
 [21.819, 1.729, 0.28, 1.439, 8.996, 41.309, 19.59, 0.0, 0.0, 4.398, 0.0, 0.44] (wt %)
 [13.199, 0.702, 0.216, 0.556, 7.723, 42.406, 29.979, 0.0, 0.0, 4.837, 0.0, 0.382] (mol %)

 ['Mg', 'H', 'Ca', 'Mn', 'Al', 'O', 'Si', 'Ti', 'Fe', 'Na', 'Cr', 'K']
 [4.195, 0.0, 0.677, 0.054, 3.693, 24.0, 5.933, 0.03, 1.236, 0.0, 0.196, 0.0] (atoms, 24.0 oxygen basis)

Cummingtonite:
 ['Al2O3', 'Cr2O3', 'TiO2', 'Fe2O3', 'FeO', 'SiO2', 'MgO', 'H2O', 'Na2O', 'CaO', 'K2O', 'MnO']
 [0.89, 0.0, 0.18, 0.06, 17.483, 55.581, 21.854, 2.07, 0.13, 1.29, 0.01, 0.45] (wt %)
 [0.467, 0.0, 0.121, 0.02, 13.024, 49.508, 29.02, 6.151, 0.112, 1.231, 0.006, 0.34] (mol %)

 ['Mg', 'H', 'Ca', 'Mn', 'Al', 'O', 'Si', 'Ti', 'Fe', 'Na', 'Cr', 'K']
 [4.625, 1.96, 0.196, 0.054, 0.149, 24.0, 7.89, 0.019, 2.082, 0.036, 0.0, 0.002] (atoms, 24.0 oxygen basis)


3) Fayalite starting mix calculations:

Molar composition
FeO: 0.6667
SiO2: 0.3333

FeO doesn't exist as a stoichiometric compound, but we can create
a starting mix from hematite powder and then reduce the mix.
Here, we add one half of an oxygen for every FeO in the required bulk composition.

The modified starting mix
Atomic composition
['Si', 'Fe', 'O']
['1.000', '2.000', '5.000']

Weight composition
Fe2O3: 1.4532
SiO2: 0.5468


4) KLB-1 starting mix calculations (carbonated, Fe57 as metallic):

Weight composition
Al2O3: 0.0385
Fe: 0.0183
Na2CO3: 0.0052
Fe2O3: 0.0522
CaCO3: 0.0623
SiO2: 0.4469
MgO: 0.3766
