Checking EoS consistency for 'burnman.minerals.SLB_2011.periclase'
Expressions within tolerance of 0.000100
G = F + PV : True 
G = H - TS : True 
G = E - TS + PV : True 
S = -dG/dT : True 
alpha = 1/V dV/dT : True 
C_p = T dS/dT : True 
V = dG/dP  : True 
K_T = -V dP/dV : True 
All EoS consistency constraints satisfied for 'burnman.minerals.SLB_2011.periclase'

Endmember equilibrium calculations
fo -> wad equilibrium at 14.0 GPa is reached at 1650.0 K

Equation of state calculations
Optimized equation of state for stishovite:
V_0: 1.4006e-05 +/- 9e-09
K_0: 3.12e+11 +/- 10000000000.0
Kprime_0: 4.4 +/- 0.5

Hugoniot calculations
Room temperature Hugoniot temperature at 120.0 GPa: 1769 K
1000 K Hugoniot temperature at 120.0 GPa: 3156 K
