Calculations are done for:
Composite: Unnamed composite
  0.95 of
    'burnman.minerals.Murakami_etal_2012.fe_perovskite'
  0.05 of
    'burnman.minerals.Murakami_etal_2012.fe_periclase_LS'
Calculations are done for:
Composite: Unnamed composite
  0.95 of
    'burnman.minerals.Murakami_etal_2012.fe_perovskite'
  0.05 of
    'burnman.minerals.Murakami_etal_2012.fe_periclase_LS'
Calculations are done for:
Composite: Unnamed composite
  0.95 of
    'burnman.minerals.Murakami_etal_2012.fe_perovskite'
  0.05 of
    'burnman.minerals.Murakami_etal_2012.fe_periclase_LS'
Calculations are done for:
Composite: Unnamed composite
  0.95 of
    'burnman.minerals.Murakami_etal_2012.fe_perovskite'
  0.05 of
    'burnman.minerals.Murakami_etal_2012.fe_periclase_LS'
Calculations are done for:
Composite: Unnamed composite
  0.95 of
    'burnman.minerals.Murakami_etal_2012.fe_perovskite'
  0.05 of
    'burnman.minerals.Murakami_etal_2012.fe_periclase_LS'
Calculations are done for:
Composite: Unnamed composite
  0.95 of
    'burnman.minerals.Murakami_etal_2012.fe_perovskite'
  0.05 of
    'burnman.minerals.Murakami_etal_2012.fe_periclase_LS'
