Calculations are done for:
Composite:
  0 of
    'burnman.minerals.Murakami_etal_2012.fe_perovskite'
  1 of
    HelperSpinTransition:
      'burnman.minerals.Murakami_etal_2012.fe_periclase_LS'
      'burnman.minerals.Murakami_etal_2012.fe_periclase_HS'
Calculations are done for:
Composite:
  0.025641 of
    'burnman.minerals.Murakami_etal_2012.fe_perovskite'
  0.974359 of
    HelperSpinTransition:
      'burnman.minerals.Murakami_etal_2012.fe_periclase_LS'
      'burnman.minerals.Murakami_etal_2012.fe_periclase_HS'
Calculations are done for:
Composite:
  0.0512821 of
    'burnman.minerals.Murakami_etal_2012.fe_perovskite'
  0.948718 of
    HelperSpinTransition:
      'burnman.minerals.Murakami_etal_2012.fe_periclase_LS'
      'burnman.minerals.Murakami_etal_2012.fe_periclase_HS'
Calculations are done for:
Composite:
  0.0769231 of
    'burnman.minerals.Murakami_etal_2012.fe_perovskite'
  0.923077 of
    HelperSpinTransition:
      'burnman.minerals.Murakami_etal_2012.fe_periclase_LS'
      'burnman.minerals.Murakami_etal_2012.fe_periclase_HS'
Calculations are done for:
Composite:
  0.102564 of
    'burnman.minerals.Murakami_etal_2012.fe_perovskite'
  0.897436 of
    HelperSpinTransition:
      'burnman.minerals.Murakami_etal_2012.fe_periclase_LS'
      'burnman.minerals.Murakami_etal_2012.fe_periclase_HS'
Calculations are done for:
Composite:
  0.128205 of
    'burnman.minerals.Murakami_etal_2012.fe_perovskite'
  0.871795 of
    HelperSpinTransition:
      'burnman.minerals.Murakami_etal_2012.fe_periclase_LS'
      'burnman.minerals.Murakami_etal_2012.fe_periclase_HS'
Calculations are done for:
Composite:
  0.153846 of
    'burnman.minerals.Murakami_etal_2012.fe_perovskite'
  0.846154 of
    HelperSpinTransition:
      'burnman.minerals.Murakami_etal_2012.fe_periclase_LS'
      'burnman.minerals.Murakami_etal_2012.fe_periclase_HS'
Calculations are done for:
Composite:
  0.179487 of
    'burnman.minerals.Murakami_etal_2012.fe_perovskite'
  0.820513 of
    HelperSpinTransition:
      'burnman.minerals.Murakami_etal_2012.fe_periclase_LS'
      'burnman.minerals.Murakami_etal_2012.fe_periclase_HS'
Calculations are done for:
Composite:
  0.205128 of
    'burnman.minerals.Murakami_etal_2012.fe_perovskite'
  0.794872 of
    HelperSpinTransition:
      'burnman.minerals.Murakami_etal_2012.fe_periclase_LS'
      'burnman.minerals.Murakami_etal_2012.fe_periclase_HS'
Calculations are done for:
Composite:
  0.230769 of
    'burnman.minerals.Murakami_etal_2012.fe_perovskite'
  0.769231 of
    HelperSpinTransition:
      'burnman.minerals.Murakami_etal_2012.fe_periclase_LS'
      'burnman.minerals.Murakami_etal_2012.fe_periclase_HS'
Calculations are done for:
Composite:
  0.25641 of
    'burnman.minerals.Murakami_etal_2012.fe_perovskite'
  0.74359 of
    HelperSpinTransition:
      'burnman.minerals.Murakami_etal_2012.fe_periclase_LS'
      'burnman.minerals.Murakami_etal_2012.fe_periclase_HS'
Calculations are done for:
Composite:
  0.282051 of
    'burnman.minerals.Murakami_etal_2012.fe_perovskite'
  0.717949 of
    HelperSpinTransition:
      'burnman.minerals.Murakami_etal_2012.fe_periclase_LS'
      'burnman.minerals.Murakami_etal_2012.fe_periclase_HS'
Calculations are done for:
Composite:
  0.307692 of
    'burnman.minerals.Murakami_etal_2012.fe_perovskite'
  0.692308 of
    HelperSpinTransition:
      'burnman.minerals.Murakami_etal_2012.fe_periclase_LS'
      'burnman.minerals.Murakami_etal_2012.fe_periclase_HS'
Calculations are done for:
Composite:
  0.333333 of
    'burnman.minerals.Murakami_etal_2012.fe_perovskite'
  0.666667 of
    HelperSpinTransition:
      'burnman.minerals.Murakami_etal_2012.fe_periclase_LS'
      'burnman.minerals.Murakami_etal_2012.fe_periclase_HS'
Calculations are done for:
Composite:
  0.358974 of
    'burnman.minerals.Murakami_etal_2012.fe_perovskite'
  0.641026 of
    HelperSpinTransition:
      'burnman.minerals.Murakami_etal_2012.fe_periclase_LS'
      'burnman.minerals.Murakami_etal_2012.fe_periclase_HS'
Calculations are done for:
Composite:
  0.384615 of
    'burnman.minerals.Murakami_etal_2012.fe_perovskite'
  0.615385 of
    HelperSpinTransition:
      'burnman.minerals.Murakami_etal_2012.fe_periclase_LS'
      'burnman.minerals.Murakami_etal_2012.fe_periclase_HS'
Calculations are done for:
Composite:
  0.410256 of
    'burnman.minerals.Murakami_etal_2012.fe_perovskite'
  0.589744 of
    HelperSpinTransition:
      'burnman.minerals.Murakami_etal_2012.fe_periclase_LS'
      'burnman.minerals.Murakami_etal_2012.fe_periclase_HS'
Calculations are done for:
Composite:
  0.435897 of
    'burnman.minerals.Murakami_etal_2012.fe_perovskite'
  0.564103 of
    HelperSpinTransition:
      'burnman.minerals.Murakami_etal_2012.fe_periclase_LS'
      'burnman.minerals.Murakami_etal_2012.fe_periclase_HS'
Calculations are done for:
Composite:
  0.461538 of
    'burnman.minerals.Murakami_etal_2012.fe_perovskite'
  0.538462 of
    HelperSpinTransition:
      'burnman.minerals.Murakami_etal_2012.fe_periclase_LS'
      'burnman.minerals.Murakami_etal_2012.fe_periclase_HS'
Calculations are done for:
Composite:
  0.487179 of
    'burnman.minerals.Murakami_etal_2012.fe_perovskite'
  0.512821 of
    HelperSpinTransition:
      'burnman.minerals.Murakami_etal_2012.fe_periclase_LS'
      'burnman.minerals.Murakami_etal_2012.fe_periclase_HS'
Calculations are done for:
Composite:
  0.512821 of
    'burnman.minerals.Murakami_etal_2012.fe_perovskite'
  0.487179 of
    HelperSpinTransition:
      'burnman.minerals.Murakami_etal_2012.fe_periclase_LS'
      'burnman.minerals.Murakami_etal_2012.fe_periclase_HS'
Calculations are done for:
Composite:
  0.538462 of
    'burnman.minerals.Murakami_etal_2012.fe_perovskite'
  0.461538 of
    HelperSpinTransition:
      'burnman.minerals.Murakami_etal_2012.fe_periclase_LS'
      'burnman.minerals.Murakami_etal_2012.fe_periclase_HS'
Calculations are done for:
Composite:
  0.564103 of
    'burnman.minerals.Murakami_etal_2012.fe_perovskite'
  0.435897 of
    HelperSpinTransition:
      'burnman.minerals.Murakami_etal_2012.fe_periclase_LS'
      'burnman.minerals.Murakami_etal_2012.fe_periclase_HS'
Calculations are done for:
Composite:
  0.589744 of
    'burnman.minerals.Murakami_etal_2012.fe_perovskite'
  0.410256 of
    HelperSpinTransition:
      'burnman.minerals.Murakami_etal_2012.fe_periclase_LS'
      'burnman.minerals.Murakami_etal_2012.fe_periclase_HS'
Calculations are done for:
Composite:
  0.615385 of
    'burnman.minerals.Murakami_etal_2012.fe_perovskite'
  0.384615 of
    HelperSpinTransition:
      'burnman.minerals.Murakami_etal_2012.fe_periclase_LS'
      'burnman.minerals.Murakami_etal_2012.fe_periclase_HS'
Calculations are done for:
Composite:
  0.641026 of
    'burnman.minerals.Murakami_etal_2012.fe_perovskite'
  0.358974 of
    HelperSpinTransition:
      'burnman.minerals.Murakami_etal_2012.fe_periclase_LS'
      'burnman.minerals.Murakami_etal_2012.fe_periclase_HS'
Calculations are done for:
Composite:
  0.666667 of
    'burnman.minerals.Murakami_etal_2012.fe_perovskite'
  0.333333 of
    HelperSpinTransition:
      'burnman.minerals.Murakami_etal_2012.fe_periclase_LS'
      'burnman.minerals.Murakami_etal_2012.fe_periclase_HS'
Calculations are done for:
Composite:
  0.692308 of
    'burnman.minerals.Murakami_etal_2012.fe_perovskite'
  0.307692 of
    HelperSpinTransition:
      'burnman.minerals.Murakami_etal_2012.fe_periclase_LS'
      'burnman.minerals.Murakami_etal_2012.fe_periclase_HS'
Calculations are done for:
Composite:
  0.717949 of
    'burnman.minerals.Murakami_etal_2012.fe_perovskite'
  0.282051 of
    HelperSpinTransition:
      'burnman.minerals.Murakami_etal_2012.fe_periclase_LS'
      'burnman.minerals.Murakami_etal_2012.fe_periclase_HS'
Calculations are done for:
Composite:
  0.74359 of
    'burnman.minerals.Murakami_etal_2012.fe_perovskite'
  0.25641 of
    HelperSpinTransition:
      'burnman.minerals.Murakami_etal_2012.fe_periclase_LS'
      'burnman.minerals.Murakami_etal_2012.fe_periclase_HS'
Calculations are done for:
Composite:
  0.769231 of
    'burnman.minerals.Murakami_etal_2012.fe_perovskite'
  0.230769 of
    HelperSpinTransition:
      'burnman.minerals.Murakami_etal_2012.fe_periclase_LS'
      'burnman.minerals.Murakami_etal_2012.fe_periclase_HS'
Calculations are done for:
Composite:
  0.794872 of
    'burnman.minerals.Murakami_etal_2012.fe_perovskite'
  0.205128 of
    HelperSpinTransition:
      'burnman.minerals.Murakami_etal_2012.fe_periclase_LS'
      'burnman.minerals.Murakami_etal_2012.fe_periclase_HS'
Calculations are done for:
Composite:
  0.820513 of
    'burnman.minerals.Murakami_etal_2012.fe_perovskite'
  0.179487 of
    HelperSpinTransition:
      'burnman.minerals.Murakami_etal_2012.fe_periclase_LS'
      'burnman.minerals.Murakami_etal_2012.fe_periclase_HS'
Calculations are done for:
Composite:
  0.846154 of
    'burnman.minerals.Murakami_etal_2012.fe_perovskite'
  0.153846 of
    HelperSpinTransition:
      'burnman.minerals.Murakami_etal_2012.fe_periclase_LS'
      'burnman.minerals.Murakami_etal_2012.fe_periclase_HS'
Calculations are done for:
Composite:
  0.871795 of
    'burnman.minerals.Murakami_etal_2012.fe_perovskite'
  0.128205 of
    HelperSpinTransition:
      'burnman.minerals.Murakami_etal_2012.fe_periclase_LS'
      'burnman.minerals.Murakami_etal_2012.fe_periclase_HS'
Calculations are done for:
Composite:
  0.897436 of
    'burnman.minerals.Murakami_etal_2012.fe_perovskite'
  0.102564 of
    HelperSpinTransition:
      'burnman.minerals.Murakami_etal_2012.fe_periclase_LS'
      'burnman.minerals.Murakami_etal_2012.fe_periclase_HS'
Calculations are done for:
Composite:
  0.923077 of
    'burnman.minerals.Murakami_etal_2012.fe_perovskite'
  0.0769231 of
    HelperSpinTransition:
      'burnman.minerals.Murakami_etal_2012.fe_periclase_LS'
      'burnman.minerals.Murakami_etal_2012.fe_periclase_HS'
Calculations are done for:
Composite:
  0.948718 of
    'burnman.minerals.Murakami_etal_2012.fe_perovskite'
  0.0512821 of
    HelperSpinTransition:
      'burnman.minerals.Murakami_etal_2012.fe_periclase_LS'
      'burnman.minerals.Murakami_etal_2012.fe_periclase_HS'
Calculations are done for:
Composite:
  0.974359 of
    'burnman.minerals.Murakami_etal_2012.fe_perovskite'
  0.025641 of
    HelperSpinTransition:
      'burnman.minerals.Murakami_etal_2012.fe_periclase_LS'
      'burnman.minerals.Murakami_etal_2012.fe_periclase_HS'
Calculations are done for:
Composite:
  1 of
    'burnman.minerals.Murakami_etal_2012.fe_perovskite'
  0 of
    HelperSpinTransition:
      'burnman.minerals.Murakami_etal_2012.fe_periclase_LS'
      'burnman.minerals.Murakami_etal_2012.fe_periclase_HS'
