Calculations are done for:
Composite: Unnamed composite
  0.75 of
    'burnman.minerals.SLB_2011.mg_fe_perovskite'
  0.18 of
    'burnman.minerals.SLB_2011.ferropericlase'
  0.07 of
    'burnman.minerals.SLB_2011.ca_perovskite'
Writing axisem_pyrolite.txt ...
Calculations are done for:
Composite: Unnamed composite
  0.88 of
    'burnman.minerals.SLB_2011.mg_fe_perovskite'
  0.05 of
    'burnman.minerals.SLB_2011.ferropericlase'
  0.07 of
    'burnman.minerals.SLB_2011.ca_perovskite'
Writing axisem_chondrite.txt ...
Calculations are done for:
Composite: Unnamed composite
  0.75 of
    'burnman.minerals.SLB_2011.mg_fe_perovskite'
  0.18 of
    'burnman.minerals.SLB_2011.ferropericlase'
  0.07 of
    'burnman.minerals.SLB_2011.ca_perovskite'
Writing mineos_pyrolite.txt ...
Calculations are done for:
Composite: Unnamed composite
  0.88 of
    'burnman.minerals.SLB_2011.mg_fe_perovskite'
  0.05 of
    'burnman.minerals.SLB_2011.ferropericlase'
  0.07 of
    'burnman.minerals.SLB_2011.ca_perovskite'
Writing mineos_chondrite.txt ...
