0 $K_0$ -1.0
0 $K_0$ -0.5
0 $K_0$ 0.5
0 $K_0$ 1.0
-0.00611591610823
0.0057765942555
-0.0108742544934
0.0107550369154
1 $K_0'$ -1.0
1 $K_0'$ -0.5
1 $K_0'$ 0.5
1 $K_0'$ 1.0
-0.000780041043925
0.00074196271336
-0.00939176288686
0.00908237489924
2 $G_0$ -1.0
2 $G_0$ -0.5
2 $G_0$ 0.5
2 $G_0$ 1.0
-0.0266782600974
0.0259847906441
0.0
0.0
3 $G_0'$ -1.0
3 $G_0'$ -0.5
3 $G_0'$ 0.5
3 $G_0'$ 1.0
-0.0202266827374
0.0198255962566
0.0
0.0
4 $\theta_0$ -1.0
4 $\theta_0$ -0.5
4 $\theta_0$ 0.5
4 $\theta_0$ 1.0
-0.000236462052876
0.000237467029736
-6.2089644994e-05
6.26188859049e-05
5 $\gamma_0$ -1.0
5 $\gamma_0$ -0.5
5 $\gamma_0$ 0.5
5 $\gamma_0$ 1.0
-0.00182770343674
0.0017807039763
-0.00106640651244
0.00151675267714
6 $q_0$ -1.0
6 $q_0$ -0.5
6 $q_0$ 0.5
6 $q_0$ 1.0
-0.00463746048156
0.00398035664498
-0.0131175407884
0.0128246162287
7 $\eta_0s$ -1.0
7 $\eta_0s$ -0.5
7 $\eta_0s$ 0.5
7 $\eta_0s$ 1.0
-0.0169898246609
0.0167059531545
0.0
0.0
