0 $K_0$ -1
0 $K_0$ -0.7
0 $K_0$ -0.5
0 $K_0$ -0.3
0 $K_0$ -0.1
0 $K_0$ 0.1
0 $K_0$ 0.3
0 $K_0$ 0.5
0 $K_0$ 0.7
0 $K_0$ 1.0
1 $K_0'$ -1
1 $K_0'$ -0.7
1 $K_0'$ -0.5
1 $K_0'$ -0.3
1 $K_0'$ -0.1
1 $K_0'$ 0.1
1 $K_0'$ 0.3
1 $K_0'$ 0.5
1 $K_0'$ 0.7
1 $K_0'$ 1.0
2 $G_0$ -1
2 $G_0$ -0.7
2 $G_0$ -0.5
2 $G_0$ -0.3
2 $G_0$ -0.1
2 $G_0$ 0.1
2 $G_0$ 0.3
2 $G_0$ 0.5
2 $G_0$ 0.7
2 $G_0$ 1.0
3 $G_0'$ -1
3 $G_0'$ -0.7
3 $G_0'$ -0.5
3 $G_0'$ -0.3
3 $G_0'$ -0.1
3 $G_0'$ 0.1
3 $G_0'$ 0.3
3 $G_0'$ 0.5
3 $G_0'$ 0.7
3 $G_0'$ 1.0
4 $\theta_0$ -1
4 $\theta_0$ -0.7
4 $\theta_0$ -0.5
4 $\theta_0$ -0.3
4 $\theta_0$ -0.1
4 $\theta_0$ 0.1
4 $\theta_0$ 0.3
4 $\theta_0$ 0.5
4 $\theta_0$ 0.7
4 $\theta_0$ 1.0
5 $\gamma_0$ -1
5 $\gamma_0$ -0.7
5 $\gamma_0$ -0.5
5 $\gamma_0$ -0.3
5 $\gamma_0$ -0.1
5 $\gamma_0$ 0.1
5 $\gamma_0$ 0.3
5 $\gamma_0$ 0.5
5 $\gamma_0$ 0.7
5 $\gamma_0$ 1.0
6 $q_0$ -1
6 $q_0$ -0.7
6 $q_0$ -0.5
6 $q_0$ -0.3
6 $q_0$ -0.1
6 $q_0$ 0.1
6 $q_0$ 0.3
6 $q_0$ 0.5
6 $q_0$ 0.7
6 $q_0$ 1.0
7 $\eta_{S0}$ -1
7 $\eta_{S0}$ -0.7
7 $\eta_{S0}$ -0.5
7 $\eta_{S0}$ -0.3
7 $\eta_{S0}$ -0.1
7 $\eta_{S0}$ 0.1
7 $\eta_{S0}$ 0.3
7 $\eta_{S0}$ 0.5
7 $\eta_{S0}$ 0.7
7 $\eta_{S0}$ 1.0
8 $T_0$ -1
8 $T_0$ -0.7
8 $T_0$ -0.5
8 $T_0$ -0.3
8 $T_0$ -0.1
8 $T_0$ 0.1
8 $T_0$ 0.3
8 $T_0$ 0.5
8 $T_0$ 0.7
8 $T_0$ 1.0
