Calculations are done for:
Composite: Unnamed composite
  0 of
    'burnman.minerals.SLB_2011.stishovite'
  1 of
    'burnman.minerals.SLB_2011.wuestite'
Calculations are done for:
Composite: Unnamed composite
  0.01 of
    'burnman.minerals.SLB_2011.stishovite'
  0.99 of
    'burnman.minerals.SLB_2011.wuestite'
Calculations are done for:
Composite: Unnamed composite
  0.02 of
    'burnman.minerals.SLB_2011.stishovite'
  0.98 of
    'burnman.minerals.SLB_2011.wuestite'
Calculations are done for:
Composite: Unnamed composite
  0.03 of
    'burnman.minerals.SLB_2011.stishovite'
  0.97 of
    'burnman.minerals.SLB_2011.wuestite'
Calculations are done for:
Composite: Unnamed composite
  0.04 of
    'burnman.minerals.SLB_2011.stishovite'
  0.96 of
    'burnman.minerals.SLB_2011.wuestite'
Calculations are done for:
Composite: Unnamed composite
  0.05 of
    'burnman.minerals.SLB_2011.stishovite'
  0.95 of
    'burnman.minerals.SLB_2011.wuestite'
Calculations are done for:
Composite: Unnamed composite
  0.06 of
    'burnman.minerals.SLB_2011.stishovite'
  0.94 of
    'burnman.minerals.SLB_2011.wuestite'
Calculations are done for:
Composite: Unnamed composite
  0.07 of
    'burnman.minerals.SLB_2011.stishovite'
  0.93 of
    'burnman.minerals.SLB_2011.wuestite'
Calculations are done for:
Composite: Unnamed composite
  0.08 of
    'burnman.minerals.SLB_2011.stishovite'
  0.92 of
    'burnman.minerals.SLB_2011.wuestite'
Calculations are done for:
Composite: Unnamed composite
  0.09 of
    'burnman.minerals.SLB_2011.stishovite'
  0.91 of
    'burnman.minerals.SLB_2011.wuestite'
Calculations are done for:
Composite: Unnamed composite
  0.1 of
    'burnman.minerals.SLB_2011.stishovite'
  0.9 of
    'burnman.minerals.SLB_2011.wuestite'
Calculations are done for:
Composite: Unnamed composite
  0.11 of
    'burnman.minerals.SLB_2011.stishovite'
  0.89 of
    'burnman.minerals.SLB_2011.wuestite'
Calculations are done for:
Composite: Unnamed composite
  0.12 of
    'burnman.minerals.SLB_2011.stishovite'
  0.88 of
    'burnman.minerals.SLB_2011.wuestite'
Calculations are done for:
Composite: Unnamed composite
  0.13 of
    'burnman.minerals.SLB_2011.stishovite'
  0.87 of
    'burnman.minerals.SLB_2011.wuestite'
Calculations are done for:
Composite: Unnamed composite
  0.14 of
    'burnman.minerals.SLB_2011.stishovite'
  0.86 of
    'burnman.minerals.SLB_2011.wuestite'
Calculations are done for:
Composite: Unnamed composite
  0.15 of
    'burnman.minerals.SLB_2011.stishovite'
  0.85 of
    'burnman.minerals.SLB_2011.wuestite'
Calculations are done for:
Composite: Unnamed composite
  0.16 of
    'burnman.minerals.SLB_2011.stishovite'
  0.84 of
    'burnman.minerals.SLB_2011.wuestite'
Calculations are done for:
Composite: Unnamed composite
  0.17 of
    'burnman.minerals.SLB_2011.stishovite'
  0.83 of
    'burnman.minerals.SLB_2011.wuestite'
Calculations are done for:
Composite: Unnamed composite
  0.18 of
    'burnman.minerals.SLB_2011.stishovite'
  0.82 of
    'burnman.minerals.SLB_2011.wuestite'
Calculations are done for:
Composite: Unnamed composite
  0.19 of
    'burnman.minerals.SLB_2011.stishovite'
  0.81 of
    'burnman.minerals.SLB_2011.wuestite'
Calculations are done for:
Composite: Unnamed composite
  0.2 of
    'burnman.minerals.SLB_2011.stishovite'
  0.8 of
    'burnman.minerals.SLB_2011.wuestite'
Calculations are done for:
Composite: Unnamed composite
  0.21 of
    'burnman.minerals.SLB_2011.stishovite'
  0.79 of
    'burnman.minerals.SLB_2011.wuestite'
Calculations are done for:
Composite: Unnamed composite
  0.22 of
    'burnman.minerals.SLB_2011.stishovite'
  0.78 of
    'burnman.minerals.SLB_2011.wuestite'
Calculations are done for:
Composite: Unnamed composite
  0.23 of
    'burnman.minerals.SLB_2011.stishovite'
  0.77 of
    'burnman.minerals.SLB_2011.wuestite'
Calculations are done for:
Composite: Unnamed composite
  0.24 of
    'burnman.minerals.SLB_2011.stishovite'
  0.76 of
    'burnman.minerals.SLB_2011.wuestite'
Calculations are done for:
Composite: Unnamed composite
  0.25 of
    'burnman.minerals.SLB_2011.stishovite'
  0.75 of
    'burnman.minerals.SLB_2011.wuestite'
Calculations are done for:
Composite: Unnamed composite
  0.26 of
    'burnman.minerals.SLB_2011.stishovite'
  0.74 of
    'burnman.minerals.SLB_2011.wuestite'
Calculations are done for:
Composite: Unnamed composite
  0.27 of
    'burnman.minerals.SLB_2011.stishovite'
  0.73 of
    'burnman.minerals.SLB_2011.wuestite'
Calculations are done for:
Composite: Unnamed composite
  0.28 of
    'burnman.minerals.SLB_2011.stishovite'
  0.72 of
    'burnman.minerals.SLB_2011.wuestite'
Calculations are done for:
Composite: Unnamed composite
  0.29 of
    'burnman.minerals.SLB_2011.stishovite'
  0.71 of
    'burnman.minerals.SLB_2011.wuestite'
Calculations are done for:
Composite: Unnamed composite
  0.3 of
    'burnman.minerals.SLB_2011.stishovite'
  0.7 of
    'burnman.minerals.SLB_2011.wuestite'
Calculations are done for:
Composite: Unnamed composite
  0.31 of
    'burnman.minerals.SLB_2011.stishovite'
  0.69 of
    'burnman.minerals.SLB_2011.wuestite'
Calculations are done for:
Composite: Unnamed composite
  0.32 of
    'burnman.minerals.SLB_2011.stishovite'
  0.68 of
    'burnman.minerals.SLB_2011.wuestite'
Calculations are done for:
Composite: Unnamed composite
  0.33 of
    'burnman.minerals.SLB_2011.stishovite'
  0.67 of
    'burnman.minerals.SLB_2011.wuestite'
Calculations are done for:
Composite: Unnamed composite
  0.34 of
    'burnman.minerals.SLB_2011.stishovite'
  0.66 of
    'burnman.minerals.SLB_2011.wuestite'
Calculations are done for:
Composite: Unnamed composite
  0.35 of
    'burnman.minerals.SLB_2011.stishovite'
  0.65 of
    'burnman.minerals.SLB_2011.wuestite'
Calculations are done for:
Composite: Unnamed composite
  0.36 of
    'burnman.minerals.SLB_2011.stishovite'
  0.64 of
    'burnman.minerals.SLB_2011.wuestite'
Calculations are done for:
Composite: Unnamed composite
  0.37 of
    'burnman.minerals.SLB_2011.stishovite'
  0.63 of
    'burnman.minerals.SLB_2011.wuestite'
Calculations are done for:
Composite: Unnamed composite
  0.38 of
    'burnman.minerals.SLB_2011.stishovite'
  0.62 of
    'burnman.minerals.SLB_2011.wuestite'
Calculations are done for:
Composite: Unnamed composite
  0.39 of
    'burnman.minerals.SLB_2011.stishovite'
  0.61 of
    'burnman.minerals.SLB_2011.wuestite'
Calculations are done for:
Composite: Unnamed composite
  0.4 of
    'burnman.minerals.SLB_2011.stishovite'
  0.6 of
    'burnman.minerals.SLB_2011.wuestite'
Calculations are done for:
Composite: Unnamed composite
  0.41 of
    'burnman.minerals.SLB_2011.stishovite'
  0.59 of
    'burnman.minerals.SLB_2011.wuestite'
Calculations are done for:
Composite: Unnamed composite
  0.42 of
    'burnman.minerals.SLB_2011.stishovite'
  0.58 of
    'burnman.minerals.SLB_2011.wuestite'
Calculations are done for:
Composite: Unnamed composite
  0.43 of
    'burnman.minerals.SLB_2011.stishovite'
  0.57 of
    'burnman.minerals.SLB_2011.wuestite'
Calculations are done for:
Composite: Unnamed composite
  0.44 of
    'burnman.minerals.SLB_2011.stishovite'
  0.56 of
    'burnman.minerals.SLB_2011.wuestite'
Calculations are done for:
Composite: Unnamed composite
  0.45 of
    'burnman.minerals.SLB_2011.stishovite'
  0.55 of
    'burnman.minerals.SLB_2011.wuestite'
Calculations are done for:
Composite: Unnamed composite
  0.46 of
    'burnman.minerals.SLB_2011.stishovite'
  0.54 of
    'burnman.minerals.SLB_2011.wuestite'
Calculations are done for:
Composite: Unnamed composite
  0.47 of
    'burnman.minerals.SLB_2011.stishovite'
  0.53 of
    'burnman.minerals.SLB_2011.wuestite'
Calculations are done for:
Composite: Unnamed composite
  0.48 of
    'burnman.minerals.SLB_2011.stishovite'
  0.52 of
    'burnman.minerals.SLB_2011.wuestite'
Calculations are done for:
Composite: Unnamed composite
  0.49 of
    'burnman.minerals.SLB_2011.stishovite'
  0.51 of
    'burnman.minerals.SLB_2011.wuestite'
Calculations are done for:
Composite: Unnamed composite
  0.5 of
    'burnman.minerals.SLB_2011.stishovite'
  0.5 of
    'burnman.minerals.SLB_2011.wuestite'
Calculations are done for:
Composite: Unnamed composite
  0.51 of
    'burnman.minerals.SLB_2011.stishovite'
  0.49 of
    'burnman.minerals.SLB_2011.wuestite'
Calculations are done for:
Composite: Unnamed composite
  0.52 of
    'burnman.minerals.SLB_2011.stishovite'
  0.48 of
    'burnman.minerals.SLB_2011.wuestite'
Calculations are done for:
Composite: Unnamed composite
  0.53 of
    'burnman.minerals.SLB_2011.stishovite'
  0.47 of
    'burnman.minerals.SLB_2011.wuestite'
Calculations are done for:
Composite: Unnamed composite
  0.54 of
    'burnman.minerals.SLB_2011.stishovite'
  0.46 of
    'burnman.minerals.SLB_2011.wuestite'
Calculations are done for:
Composite: Unnamed composite
  0.55 of
    'burnman.minerals.SLB_2011.stishovite'
  0.45 of
    'burnman.minerals.SLB_2011.wuestite'
Calculations are done for:
Composite: Unnamed composite
  0.56 of
    'burnman.minerals.SLB_2011.stishovite'
  0.44 of
    'burnman.minerals.SLB_2011.wuestite'
Calculations are done for:
Composite: Unnamed composite
  0.57 of
    'burnman.minerals.SLB_2011.stishovite'
  0.43 of
    'burnman.minerals.SLB_2011.wuestite'
Calculations are done for:
Composite: Unnamed composite
  0.58 of
    'burnman.minerals.SLB_2011.stishovite'
  0.42 of
    'burnman.minerals.SLB_2011.wuestite'
Calculations are done for:
Composite: Unnamed composite
  0.59 of
    'burnman.minerals.SLB_2011.stishovite'
  0.41 of
    'burnman.minerals.SLB_2011.wuestite'
Calculations are done for:
Composite: Unnamed composite
  0.6 of
    'burnman.minerals.SLB_2011.stishovite'
  0.4 of
    'burnman.minerals.SLB_2011.wuestite'
Calculations are done for:
Composite: Unnamed composite
  0.61 of
    'burnman.minerals.SLB_2011.stishovite'
  0.39 of
    'burnman.minerals.SLB_2011.wuestite'
Calculations are done for:
Composite: Unnamed composite
  0.62 of
    'burnman.minerals.SLB_2011.stishovite'
  0.38 of
    'burnman.minerals.SLB_2011.wuestite'
Calculations are done for:
Composite: Unnamed composite
  0.63 of
    'burnman.minerals.SLB_2011.stishovite'
  0.37 of
    'burnman.minerals.SLB_2011.wuestite'
Calculations are done for:
Composite: Unnamed composite
  0.64 of
    'burnman.minerals.SLB_2011.stishovite'
  0.36 of
    'burnman.minerals.SLB_2011.wuestite'
Calculations are done for:
Composite: Unnamed composite
  0.65 of
    'burnman.minerals.SLB_2011.stishovite'
  0.35 of
    'burnman.minerals.SLB_2011.wuestite'
Calculations are done for:
Composite: Unnamed composite
  0.66 of
    'burnman.minerals.SLB_2011.stishovite'
  0.34 of
    'burnman.minerals.SLB_2011.wuestite'
Calculations are done for:
Composite: Unnamed composite
  0.67 of
    'burnman.minerals.SLB_2011.stishovite'
  0.33 of
    'burnman.minerals.SLB_2011.wuestite'
Calculations are done for:
Composite: Unnamed composite
  0.68 of
    'burnman.minerals.SLB_2011.stishovite'
  0.32 of
    'burnman.minerals.SLB_2011.wuestite'
Calculations are done for:
Composite: Unnamed composite
  0.69 of
    'burnman.minerals.SLB_2011.stishovite'
  0.31 of
    'burnman.minerals.SLB_2011.wuestite'
Calculations are done for:
Composite: Unnamed composite
  0.7 of
    'burnman.minerals.SLB_2011.stishovite'
  0.3 of
    'burnman.minerals.SLB_2011.wuestite'
Calculations are done for:
Composite: Unnamed composite
  0.71 of
    'burnman.minerals.SLB_2011.stishovite'
  0.29 of
    'burnman.minerals.SLB_2011.wuestite'
Calculations are done for:
Composite: Unnamed composite
  0.72 of
    'burnman.minerals.SLB_2011.stishovite'
  0.28 of
    'burnman.minerals.SLB_2011.wuestite'
Calculations are done for:
Composite: Unnamed composite
  0.73 of
    'burnman.minerals.SLB_2011.stishovite'
  0.27 of
    'burnman.minerals.SLB_2011.wuestite'
Calculations are done for:
Composite: Unnamed composite
  0.74 of
    'burnman.minerals.SLB_2011.stishovite'
  0.26 of
    'burnman.minerals.SLB_2011.wuestite'
Calculations are done for:
Composite: Unnamed composite
  0.75 of
    'burnman.minerals.SLB_2011.stishovite'
  0.25 of
    'burnman.minerals.SLB_2011.wuestite'
Calculations are done for:
Composite: Unnamed composite
  0.76 of
    'burnman.minerals.SLB_2011.stishovite'
  0.24 of
    'burnman.minerals.SLB_2011.wuestite'
Calculations are done for:
Composite: Unnamed composite
  0.77 of
    'burnman.minerals.SLB_2011.stishovite'
  0.23 of
    'burnman.minerals.SLB_2011.wuestite'
Calculations are done for:
Composite: Unnamed composite
  0.78 of
    'burnman.minerals.SLB_2011.stishovite'
  0.22 of
    'burnman.minerals.SLB_2011.wuestite'
Calculations are done for:
Composite: Unnamed composite
  0.79 of
    'burnman.minerals.SLB_2011.stishovite'
  0.21 of
    'burnman.minerals.SLB_2011.wuestite'
Calculations are done for:
Composite: Unnamed composite
  0.8 of
    'burnman.minerals.SLB_2011.stishovite'
  0.2 of
    'burnman.minerals.SLB_2011.wuestite'
Calculations are done for:
Composite: Unnamed composite
  0.81 of
    'burnman.minerals.SLB_2011.stishovite'
  0.19 of
    'burnman.minerals.SLB_2011.wuestite'
Calculations are done for:
Composite: Unnamed composite
  0.82 of
    'burnman.minerals.SLB_2011.stishovite'
  0.18 of
    'burnman.minerals.SLB_2011.wuestite'
Calculations are done for:
Composite: Unnamed composite
  0.83 of
    'burnman.minerals.SLB_2011.stishovite'
  0.17 of
    'burnman.minerals.SLB_2011.wuestite'
Calculations are done for:
Composite: Unnamed composite
  0.84 of
    'burnman.minerals.SLB_2011.stishovite'
  0.16 of
    'burnman.minerals.SLB_2011.wuestite'
Calculations are done for:
Composite: Unnamed composite
  0.85 of
    'burnman.minerals.SLB_2011.stishovite'
  0.15 of
    'burnman.minerals.SLB_2011.wuestite'
Calculations are done for:
Composite: Unnamed composite
  0.86 of
    'burnman.minerals.SLB_2011.stishovite'
  0.14 of
    'burnman.minerals.SLB_2011.wuestite'
Calculations are done for:
Composite: Unnamed composite
  0.87 of
    'burnman.minerals.SLB_2011.stishovite'
  0.13 of
    'burnman.minerals.SLB_2011.wuestite'
Calculations are done for:
Composite: Unnamed composite
  0.88 of
    'burnman.minerals.SLB_2011.stishovite'
  0.12 of
    'burnman.minerals.SLB_2011.wuestite'
Calculations are done for:
Composite: Unnamed composite
  0.89 of
    'burnman.minerals.SLB_2011.stishovite'
  0.11 of
    'burnman.minerals.SLB_2011.wuestite'
Calculations are done for:
Composite: Unnamed composite
  0.9 of
    'burnman.minerals.SLB_2011.stishovite'
  0.1 of
    'burnman.minerals.SLB_2011.wuestite'
Calculations are done for:
Composite: Unnamed composite
  0.91 of
    'burnman.minerals.SLB_2011.stishovite'
  0.09 of
    'burnman.minerals.SLB_2011.wuestite'
Calculations are done for:
Composite: Unnamed composite
  0.92 of
    'burnman.minerals.SLB_2011.stishovite'
  0.08 of
    'burnman.minerals.SLB_2011.wuestite'
Calculations are done for:
Composite: Unnamed composite
  0.93 of
    'burnman.minerals.SLB_2011.stishovite'
  0.07 of
    'burnman.minerals.SLB_2011.wuestite'
Calculations are done for:
Composite: Unnamed composite
  0.94 of
    'burnman.minerals.SLB_2011.stishovite'
  0.06 of
    'burnman.minerals.SLB_2011.wuestite'
Calculations are done for:
Composite: Unnamed composite
  0.95 of
    'burnman.minerals.SLB_2011.stishovite'
  0.05 of
    'burnman.minerals.SLB_2011.wuestite'
Calculations are done for:
Composite: Unnamed composite
  0.96 of
    'burnman.minerals.SLB_2011.stishovite'
  0.04 of
    'burnman.minerals.SLB_2011.wuestite'
Calculations are done for:
Composite: Unnamed composite
  0.97 of
    'burnman.minerals.SLB_2011.stishovite'
  0.03 of
    'burnman.minerals.SLB_2011.wuestite'
Calculations are done for:
Composite: Unnamed composite
  0.98 of
    'burnman.minerals.SLB_2011.stishovite'
  0.02 of
    'burnman.minerals.SLB_2011.wuestite'
Calculations are done for:
Composite: Unnamed composite
  0.99 of
    'burnman.minerals.SLB_2011.stishovite'
  0.01 of
    'burnman.minerals.SLB_2011.wuestite'
Calculations are done for:
Composite: Unnamed composite
  1 of
    'burnman.minerals.SLB_2011.stishovite'
  0 of
    'burnman.minerals.SLB_2011.wuestite'
