realization 1
realization 2
realization 3
realization 4
realization 5
realization 6
realization 7
realization 8
realization 9
realization 10
realization 11
realization 12
realization 13
realization 14
realization 15
realization 16
realization 17
realization 18
realization 19
realization 20
realization 21
realization 22
realization 23
realization 24
realization 25
realization 26
realization 27
realization 28
realization 29
realization 30
realization 31
realization 32
realization 33
realization 34
realization 35
realization 36
realization 37
realization 38
realization 39
realization 40
realization 41
realization 42
realization 43
realization 44
realization 45
realization 46
realization 47
realization 48
realization 49
realization 50
realization 51
realization 52
realization 53
realization 54
realization 55
realization 56
realization 57
realization 58
realization 59
realization 60
realization 61
realization 62
realization 63
realization 64
realization 65
realization 66
realization 67
realization 68
realization 69
realization 70
realization 71
realization 72
realization 73
realization 74
realization 75
realization 76
realization 77
realization 78
realization 79
realization 80
realization 81
realization 82
realization 83
realization 84
realization 85
realization 86
realization 87
realization 88
realization 89
realization 90
realization 91
realization 92
realization 93
realization 94
realization 95
realization 96
realization 97
realization 98
realization 99
realization 100
realization 101
realization 102
realization 103
realization 104
realization 105
realization 106
realization 107
realization 108
realization 109
realization 110
realization 111
realization 112
realization 113
realization 114
realization 115
realization 116
realization 117
realization 118
realization 119
realization 120
realization 121
realization 122
realization 123
realization 124
realization 125
realization 126
realization 127
realization 128
realization 129
realization 130
realization 131
realization 132
realization 133
realization 134
realization 135
realization 136
realization 137
realization 138
realization 139
realization 140
realization 141
realization 142
realization 143
realization 144
realization 145
realization 146
realization 147
realization 148
realization 149
realization 150
realization 151
realization 152
realization 153
realization 154
realization 155
realization 156
realization 157
realization 158
realization 159
realization 160
realization 161
realization 162
realization 163
realization 164
realization 165
realization 166
realization 167
realization 168
realization 169
realization 170
realization 171
realization 172
realization 173
realization 174
realization 175
realization 176
realization 177
realization 178
realization 179
realization 180
realization 181
realization 182
realization 183
realization 184
realization 185
realization 186
realization 187
realization 188
realization 189
realization 190
realization 191
realization 192
realization 193
realization 194
realization 195
realization 196
realization 197
realization 198
realization 199
realization 200
realization 201
realization 202
realization 203
realization 204
realization 205
realization 206
realization 207
realization 208
realization 209
realization 210
realization 211
realization 212
realization 213
realization 214
realization 215
realization 216
realization 217
realization 218
realization 219
realization 220
realization 221
realization 222
realization 223
realization 224
realization 225
realization 226
realization 227
realization 228
realization 229
realization 230
realization 231
realization 232
realization 233
realization 234
realization 235
realization 236
realization 237
realization 238
realization 239
realization 240
realization 241
realization 242
realization 243
realization 244
realization 245
realization 246
realization 247
realization 248
realization 249
realization 250
realization 251
realization 252
realization 253
realization 254
realization 255
realization 256
realization 257
realization 258
realization 259
realization 260
realization 261
realization 262
realization 263
realization 264
realization 265
realization 266
realization 267
realization 268
realization 269
realization 270
realization 271
realization 272
realization 273
realization 274
realization 275
realization 276
realization 277
realization 278
realization 279
realization 280
realization 281
realization 282
realization 283
realization 284
realization 285
realization 286
realization 287
realization 288
realization 289
realization 290
realization 291
realization 292
realization 293
realization 294
realization 295
realization 296
realization 297
realization 298
realization 299
realization 300
realization 301
realization 302
realization 303
realization 304
realization 305
realization 306
realization 307
realization 308
realization 309
realization 310
realization 311
realization 312
realization 313
realization 314
realization 315
realization 316
realization 317
realization 318
realization 319
realization 320
realization 321
realization 322
realization 323
realization 324
realization 325
realization 326
realization 327
realization 328
realization 329
realization 330
realization 331
realization 332
realization 333
realization 334
realization 335
realization 336
realization 337
realization 338
realization 339
realization 340
realization 341
realization 342
realization 343
realization 344
realization 345
realization 346
realization 347
realization 348
realization 349
realization 350
realization 351
realization 352
realization 353
realization 354
realization 355
realization 356
realization 357
realization 358
realization 359
realization 360
realization 361
realization 362
realization 363
realization 364
realization 365
realization 366
realization 367
realization 368
realization 369
realization 370
realization 371
realization 372
realization 373
realization 374
realization 375
realization 376
realization 377
realization 378
realization 379
realization 380
realization 381
realization 382
realization 383
realization 384
realization 385
realization 386
realization 387
realization 388
realization 389
realization 390
realization 391
realization 392
realization 393
realization 394
realization 395
realization 396
realization 397
realization 398
realization 399
realization 400
realization 401
realization 402
realization 403
realization 404
realization 405
realization 406
realization 407
realization 408
realization 409
realization 410
realization 411
realization 412
realization 413
realization 414
realization 415
realization 416
realization 417
realization 418
realization 419
realization 420
realization 421
realization 422
realization 423
realization 424
realization 425
realization 426
realization 427
realization 428
realization 429
realization 430
realization 431
realization 432
realization 433
realization 434
realization 435
realization 436
realization 437
realization 438
realization 439
realization 440
realization 441
realization 442
realization 443
realization 444
realization 445
realization 446
realization 447
realization 448
realization 449
realization 450
realization 451
realization 452
realization 453
realization 454
realization 455
realization 456
realization 457
realization 458
realization 459
realization 460
realization 461
realization 462
realization 463
realization 464
realization 465
realization 466
realization 467
realization 468
realization 469
realization 470
realization 471
realization 472
realization 473
realization 474
realization 475
realization 476
realization 477
realization 478
realization 479
realization 480
realization 481
realization 482
realization 483
realization 484
realization 485
realization 486
realization 487
realization 488
realization 489
realization 490
realization 491
realization 492
realization 493
realization 494
realization 495
realization 496
realization 497
realization 498
realization 499
realization 500
realization 501
realization 502
realization 503
realization 504
realization 505
realization 506
realization 507
realization 508
realization 509
realization 510
realization 511
realization 512
realization 513
realization 514
realization 515
realization 516
realization 517
realization 518
realization 519
realization 520
realization 521
realization 522
realization 523
realization 524
realization 525
realization 526
realization 527
realization 528
realization 529
realization 530
realization 531
realization 532
realization 533
realization 534
realization 535
realization 536
realization 537
realization 538
realization 539
realization 540
realization 541
realization 542
realization 543
realization 544
realization 545
realization 546
realization 547
realization 548
realization 549
realization 550
realization 551
realization 552
realization 553
realization 554
realization 555
realization 556
realization 557
realization 558
realization 559
realization 560
realization 561
realization 562
realization 563
realization 564
realization 565
realization 566
realization 567
realization 568
realization 569
realization 570
realization 571
realization 572
realization 573
realization 574
realization 575
realization 576
realization 577
realization 578
realization 579
realization 580
realization 581
realization 582
realization 583
realization 584
realization 585
realization 586
realization 587
realization 588
realization 589
realization 590
realization 591
realization 592
realization 593
realization 594
realization 595
realization 596
realization 597
realization 598
realization 599
realization 600
realization 601
realization 602
realization 603
realization 604
realization 605
realization 606
realization 607
realization 608
realization 609
realization 610
realization 611
realization 612
realization 613
realization 614
realization 615
realization 616
realization 617
realization 618
realization 619
realization 620
realization 621
realization 622
realization 623
realization 624
realization 625
realization 626
realization 627
realization 628
realization 629
realization 630
realization 631
realization 632
realization 633
realization 634
realization 635
realization 636
realization 637
realization 638
realization 639
realization 640
realization 641
realization 642
realization 643
realization 644
realization 645
realization 646
realization 647
realization 648
realization 649
realization 650
realization 651
realization 652
realization 653
realization 654
realization 655
realization 656
realization 657
realization 658
realization 659
realization 660
realization 661
realization 662
realization 663
realization 664
realization 665
realization 666
realization 667
realization 668
realization 669
realization 670
realization 671
realization 672
realization 673
realization 674
realization 675
realization 676
realization 677
realization 678
realization 679
realization 680
realization 681
realization 682
realization 683
realization 684
realization 685
realization 686
realization 687
realization 688
realization 689
realization 690
realization 691
realization 692
realization 693
realization 694
realization 695
realization 696
realization 697
realization 698
realization 699
realization 700
realization 701
realization 702
realization 703
realization 704
realization 705
realization 706
realization 707
realization 708
realization 709
realization 710
realization 711
realization 712
realization 713
realization 714
realization 715
realization 716
realization 717
realization 718
realization 719
realization 720
realization 721
realization 722
realization 723
realization 724
realization 725
realization 726
realization 727
realization 728
realization 729
realization 730
realization 731
realization 732
realization 733
realization 734
realization 735
realization 736
realization 737
realization 738
realization 739
realization 740
realization 741
realization 742
realization 743
realization 744
realization 745
realization 746
realization 747
realization 748
realization 749
realization 750
realization 751
realization 752
realization 753
realization 754
realization 755
realization 756
realization 757
realization 758
realization 759
realization 760
realization 761
realization 762
realization 763
realization 764
realization 765
realization 766
realization 767
realization 768
realization 769
realization 770
realization 771
realization 772
realization 773
realization 774
realization 775
realization 776
realization 777
realization 778
realization 779
realization 780
realization 781
realization 782
realization 783
realization 784
realization 785
realization 786
realization 787
realization 788
realization 789
realization 790
realization 791
realization 792
realization 793
realization 794
realization 795
realization 796
realization 797
realization 798
realization 799
realization 800
realization 801
realization 802
realization 803
realization 804
realization 805
realization 806
realization 807
realization 808
realization 809
realization 810
realization 811
realization 812
realization 813
realization 814
realization 815
realization 816
realization 817
realization 818
realization 819
realization 820
realization 821
realization 822
realization 823
realization 824
realization 825
realization 826
realization 827
realization 828
realization 829
realization 830
realization 831
realization 832
realization 833
realization 834
realization 835
realization 836
realization 837
realization 838
realization 839
realization 840
realization 841
realization 842
realization 843
realization 844
realization 845
realization 846
realization 847
realization 848
realization 849
realization 850
realization 851
realization 852
realization 853
realization 854
realization 855
realization 856
realization 857
realization 858
realization 859
realization 860
realization 861
realization 862
realization 863
realization 864
realization 865
realization 866
realization 867
realization 868
realization 869
realization 870
realization 871
realization 872
realization 873
realization 874
realization 875
realization 876
realization 877
realization 878
realization 879
realization 880
realization 881
realization 882
realization 883
realization 884
realization 885
realization 886
realization 887
realization 888
realization 889
realization 890
realization 891
realization 892
realization 893
realization 894
realization 895
realization 896
realization 897
realization 898
realization 899
realization 900
realization 901
realization 902
realization 903
realization 904
realization 905
realization 906
realization 907
realization 908
realization 909
realization 910
realization 911
realization 912
realization 913
realization 914
realization 915
realization 916
realization 917
realization 918
realization 919
realization 920
realization 921
realization 922
realization 923
realization 924
realization 925
realization 926
realization 927
realization 928
realization 929
realization 930
realization 931
realization 932
realization 933
realization 934
realization 935
realization 936
realization 937
realization 938
realization 939
realization 940
realization 941
realization 942
realization 943
realization 944
realization 945
realization 946
realization 947
realization 948
realization 949
realization 950
realization 951
realization 952
realization 953
realization 954
realization 955
realization 956
realization 957
realization 958
realization 959
realization 960
realization 961
realization 962
realization 963
realization 964
realization 965
realization 966
realization 967
realization 968
realization 969
realization 970
realization 971
realization 972
realization 973
realization 974
realization 975
realization 976
realization 977
realization 978
realization 979
realization 980
realization 981
realization 982
realization 983
realization 984
realization 985
realization 986
realization 987
realization 988
realization 989
realization 990
realization 991
realization 992
realization 993
realization 994
realization 995
realization 996
realization 997
realization 998
realization 999
realization 1000
