It is True that equilibrate was successful
Composite: NCFMAS ol-opx-gt assemblage
  P, T: 1e+10 Pa, 1500 K
Phase and endmember fractions:
  olivine: 0.4971
    Forsterite: 0.9339
    Fayalite: 0.0661
  orthopyroxene: 0.2925
    Enstatite: 0.8640
    Ferrosilite: 0.0687
    Mg_Tschermaks: 0.0005
    Ortho_Diopside: 0.0668
  garnet: 0.2104
    Pyrope: 0.4458
    Almandine: 0.1239
    Grossular: 0.2607
    Mg_Majorite: 0.1258
    Jd_Majorite: 0.0437
Orthopyroxene is exhausted from the assemblage at 13.04 GPa, 1511.64 K.
Univariant pressure at 1600 K: 12.002 GPa
Fe2SiO4 concentrations at the univariant:
olivine: 0.22
wadsleyite: 0.37
ringwoodite: 0.50
